<?xml version="1.0" encoding="UTF-8"?>
<testExecutions version="1">
    <file path="/Users/patrickkiposmet/Desktop/Moringa-Projects/Week-8/test.js">
        <testCase name="Base Endpoints Can do a basic GET request" duration="39"/>
        <testCase name="Base Endpoints Can do a basic GET request on /users" duration="6"/>
    </file>
</testExecutions>